2012-12-21 16:53:42.915-0600: Creating new db @ /Users/paul/Desktop/restore/data/graph.db/neostore
2012-12-21 16:53:43.011-0600: Opened [/Users/paul/Desktop/restore/data/graph.db/nioneo_logical.log.1] clean empty log, version=0, lastTxId=1
2012-12-21 16:53:43.042-0600: Opened [/Users/paul/Desktop/restore/data/graph.db/index/lucene.log.1] clean empty log, version=0, lastTxId=1
2012-12-21 16:53:43.044-0600: TM new log: tm_tx_log.1
2012-12-21 16:53:43.062-0600: --- STARTUP diagnostics START ---
2012-12-21 16:53:43.062-0600: Graph Database: org.neo4j.kernel.EmbeddedGraphDatabase StoreId[time:1356130422925, id:7154422061628462455, store version: 13561656364791302]
2012-12-21 16:53:43.063-0600: Kernel version: Neo4j - Graph Database Kernel 1.6
2012-12-21 16:53:43.063-0600: Neo4j component versions:
2012-12-21 16:53:43.063-0600:   Neo4j - Graph Database Kernel 1.6
2012-12-21 16:53:43.064-0600: Diagnostics providers:
    KernelDiagnostics:Versions
    org.neo4j.kernel.info.DiagnosticsManager
    SYSTEM_MEMORY
    JAVA_MEMORY
    OPERATING_SYSTEM
    JAVA_VIRTUAL_MACHINE
    CLASSPATH
    LIBRARY_PATH
    SYSTEM_PROPERTIES
    org.neo4j.kernel.Config
    NEO_STORE_VERSIONS
    NEO_STORE_ID_USAGE
    KernelDiagnostics:StoreFiles
2012-12-21 16:53:43.066-0600: System memory information:
    Total Physical memory: 16.00 GB
    Free Physical memory: 706.76 MB
    Committed virtual memory: 3.71 GB
    Total swap space: 5.00 GB
    Free swap space: 946.23 MB
2012-12-21 16:53:43.071-0600: JVM memory information:
    Free  memory: 75.96 MB
    Total memory: 81.06 MB
    Max   memory: 1011.25 MB
    Garbage Collector: ParNew: [Par Eden Space, Par Survivor Space]
    Garbage Collector: ConcurrentMarkSweep: [Par Eden Space, Par Survivor Space, CMS Old Gen, CMS Perm Gen]
    Memory Pool: Code Cache (Non-heap memory): committed=2.44 MB, used=913.19 kB, max=48.00 MB, threshold=0.00 B
    Memory Pool: Par Eden Space (Heap memory): committed=16.63 MB, used=2.96 MB, max=102.50 MB, threshold=?
    Memory Pool: Par Survivor Space (Heap memory): committed=2.06 MB, used=1.15 MB, max=12.75 MB, threshold=?
    Memory Pool: CMS Old Gen (Heap memory): committed=62.38 MB, used=1008.10 kB, max=896.00 MB, threshold=0.00 B
    Memory Pool: CMS Perm Gen (Non-heap memory): committed=20.75 MB, used=17.14 MB, max=82.00 MB, threshold=0.00 B
2012-12-21 16:53:43.075-0600: Operating system information:
    Operating System: Mac OS X; version: 10.8.2; arch: x86_64; cpus: 8
    Max number of file descriptors: 10240
    Number of open file descriptors: 92
    Process id: 54592@PCMBPR.local
    Byte order: LITTLE_ENDIAN
2012-12-21 16:53:43.082-0600: JVM information:
    VM Name: Java HotSpot(TM) 64-Bit Server VM
    VM Vendor: Apple Inc.
    VM Version: 20.12-b01-434
    JIT compiler: HotSpot 64-Bit Tiered Compilers
    VM Arguments: [-Xmx1024M, -Dfile.encoding=MacRoman]
2012-12-21 16:53:43.082-0600: Java classpath:
     [bootstrap] /System/Library/Java/JavaVirtualMachines/1.6.0.jdk/Contents/Classes/charsets.jar
     [classpath + loader.0] file:/Users/paul/.m2/repository/asm/asm/3.1/asm-3.1.jar
     [classpath + loader.0] file:/Users/paul/.m2/repository/org/springframework/data/spring-data-neo4j-aspects/2.0.1.RELEASE/spring-data-neo4j-aspects-2.0.1.RELEASE.jar
     [loader.1] file:/System/Library/Java/Extensions/dns_sd.jar
     [bootstrap] /System/Library/Frameworks/JavaVM.framework/Versions/A/Frameworks/JavaRuntimeSupport.framework/Versions/A/Resources/Java/JavaRuntimeSupport.jar
     [classpath + loader.0] file:/Users/paul/.m2/repository/commons-lang/commons-lang/2.6/commons-lang-2.6.jar
     [loader.1] file:/System/Library/Java/Extensions/MRJToolkit.jar
     [classpath + loader.0] file:/Users/paul/.m2/repository/org/springframework/data/spring-data-commons-core/1.2.1.RELEASE/spring-data-commons-core-1.2.1.RELEASE.jar
     [classpath + loader.0] file:/Users/paul/.m2/repository/org/springframework/data/spring-data-neo4j/2.0.1.RELEASE/spring-data-neo4j-2.0.1.RELEASE.jar
     [loader.1] file:/System/Library/Java/Extensions/vecmath.jar
     [loader.1] file:/System/Library/Java/Extensions/libmlib_jai.jnilib
     [classpath + loader.0] file:/Users/paul/.m2/repository/org/neo4j/neo4j-jmx/1.6/neo4j-jmx-1.6.jar
     [classpath + loader.0] file:/Users/paul/.m2/repository/javax/validation/validation-api/1.0.0.GA/validation-api-1.0.0.GA.jar
     [classpath + loader.0] file:/Users/paul/.m2/repository/org/springframework/spring-context-support/3.0.7.RELEASE/spring-context-support-3.0.7.RELEASE.jar
     [loader.1] file:/System/Library/Java/JavaVirtualMachines/1.6.0.jdk/Contents/Home/lib/ext/dnsns.jar
     [classpath + loader.0] file:/Users/paul/.m2/repository/org/hibernate/javax/persistence/hibernate-jpa-2.0-api/1.0.0.Final/hibernate-jpa-2.0-api-1.0.0.Final.jar
     [classpath + loader.0] file:/Users/paul/.m2/repository/aopalliance/aopalliance/1.0/aopalliance-1.0.jar
     [classpath + loader.0] file:/Users/paul/.m2/repository/org/springframework/spring-test/3.0.7.RELEASE/spring-test-3.0.7.RELEASE.jar
     [bootstrap] /System/Library/Java/JavaVirtualMachines/1.6.0.jdk/Contents/Classes/laf.jar
     [loader.1] file:/System/Library/Java/Extensions/libJ3D.jnilib
     [loader.1] file:/System/Library/Java/Extensions/mlibwrapper_jai.jar
     [classpath + loader.0] file:/Users/paul/.m2/repository/org/neo4j/neo4j-graph-matching/1.6/neo4j-graph-matching-1.6.jar
     [bootstrap] /System/Library/Java/JavaVirtualMachines/1.6.0.jdk/Contents/Classes/classes.jar
     [loader.1] file:/System/Library/Java/JavaVirtualMachines/1.6.0.jdk/Contents/Home/lib/ext/localedata.jar
     [classpath + loader.0] file:/Users/paul/.m2/repository/org/springframework/spring-expression/3.0.7.RELEASE/spring-expression-3.0.7.RELEASE.jar
     [classpath + loader.0] file:/Users/paul/.m2/repository/org/apache/geronimo/specs/geronimo-jta_1.1_spec/1.1.1/geronimo-jta_1.1_spec-1.1.1.jar
     [loader.1] file:/System/Library/Java/Extensions/QTJava.zip
     [classpath + loader.0] file:/Users/paul/.m2/repository/junit/junit/3.8.1/junit-3.8.1.jar
     [classpath + loader.0] file:/Users/paul/.m2/repository/org/springframework/spring-aop/3.0.7.RELEASE/spring-aop-3.0.7.RELEASE.jar
     [loader.1] file:/System/Library/Java/Extensions/libJ3DAudio.jnilib
     [loader.1] file:/System/Library/Java/Extensions/libAppleScriptEngine.jnilib
     [bootstrap] /System/Library/Java/JavaVirtualMachines/1.6.0.jdk/Contents/Classes/ui.jar
     [classpath + loader.0] file:/Users/paul/.m2/repository/org/springframework/spring-core/3.0.7.RELEASE/spring-core-3.0.7.RELEASE.jar
     [classpath + loader.0] file:/Users/paul/.m2/repository/org/slf4j/jcl-over-slf4j/1.6.1/jcl-over-slf4j-1.6.1.jar
     [loader.1] file:/System/Library/Java/Extensions/j3daudio.jar
     [classpath + loader.0] file:/Users/paul/.m2/repository/org/neo4j/neo4j-graph-algo/1.6/neo4j-graph-algo-1.6.jar
     [loader.1] file:/System/Library/Java/Extensions/libJ3DUtils.jnilib
     [classpath + loader.0] file:/Users/paul/.m2/repository/org/neo4j/neo4j-kernel/1.6/neo4j-kernel-1.6.jar
     [loader.1] file:/System/Library/Java/Extensions/libQTJNative.jnilib
     [loader.1] file:/System/Library/Java/Extensions/j3dcore.jar
     [classpath + loader.0] file:/Users/paul/.m2/repository/org/springframework/spring-orm/3.0.7.RELEASE/spring-orm-3.0.7.RELEASE.jar
     [classpath + loader.0] file:/Users/paul/.m2/repository/org/springframework/spring-context/3.0.7.RELEASE/spring-context-3.0.7.RELEASE.jar
     [classpath + loader.0] file:/Users/paul/.m2/repository/org/springframework/spring-aspects/3.0.7.RELEASE/spring-aspects-3.0.7.RELEASE.jar
     [classpath + loader.0] file:/Users/paul/.m2/repository/commons-logging/commons-logging/1.1.1/commons-logging-1.1.1.jar
     [bootstrap] /System/Library/Java/JavaVirtualMachines/1.6.0.jdk/Contents/Classes/sunrsasign.jar
     [classpath + loader.0] file:/Users/paul/.m2/repository/org/springframework/spring-asm/3.0.7.RELEASE/spring-asm-3.0.7.RELEASE.jar
     [loader.1] file:/System/Library/Java/Extensions/j3dutils.jar
     [loader.1] file:/System/Library/Java/Extensions/jai_core.jar
     [classpath + loader.0] file:/Users/paul/.m2/repository/org/slf4j/slf4j-api/1.6.1/slf4j-api-1.6.1.jar
     [loader.1] file:/System/Library/Java/Extensions/jai_codec.jar
     [classpath + loader.0] file:/Users/paul/Desktop/restore/target/classes/
     [classpath + loader.0] file:/Users/paul/.m2/repository/org/neo4j/neo4j/1.6/neo4j-1.6.jar
     [classpath + loader.0] file:/Users/paul/.m2/repository/org/neo4j/neo4j-cypher-dsl/1.6/neo4j-cypher-dsl-1.6.jar
     [classpath + loader.0] file:/Users/paul/.m2/repository/org/springframework/spring-jdbc/3.0.7.RELEASE/spring-jdbc-3.0.7.RELEASE.jar
     [loader.1] file:/System/Library/Java/JavaVirtualMachines/1.6.0.jdk/Contents/Home/lib/ext/sunjce_provider.jar
     [classpath + loader.0] file:/Users/paul/.m2/repository/org/neo4j/neo4j-lucene-index/1.6/neo4j-lucene-index-1.6.jar
     [classpath + loader.0] file:/Users/paul/.m2/repository/log4j/log4j/1.2.17/log4j-1.2.17.jar
     [classpath + loader.0] file:/Users/paul/.m2/repository/org/neo4j/neo4j-udc/1.6/neo4j-udc-1.6.jar
     [classpath + loader.0] file:/Users/paul/.m2/repository/org/springframework/spring-beans/3.0.7.RELEASE/spring-beans-3.0.7.RELEASE.jar
     [bootstrap] /System/Library/Java/JavaVirtualMachines/1.6.0.jdk/Contents/Home/lib/jce.jar
     [classpath + loader.0] file:/Users/paul/.m2/repository/org/aspectj/aspectjrt/1.6.12/aspectjrt-1.6.12.jar
     [classpath + loader.0] file:/Users/paul/.m2/repository/cglib/cglib/2.2/cglib-2.2.jar
     [bootstrap] /System/Library/Java/JavaVirtualMachines/1.6.0.jdk/Contents/Classes/jsse.jar
     [classpath + loader.0] file:/Users/paul/.m2/repository/org/slf4j/slf4j-log4j12/1.6.1/slf4j-log4j12-1.6.1.jar
     [classpath + loader.0] file:/Users/paul/.m2/repository/org/springframework/spring-tx/3.0.7.RELEASE/spring-tx-3.0.7.RELEASE.jar
     [loader.1] file:/System/Library/Java/Extensions/AppleScriptEngine.jar
     [loader.1] file:/System/Library/Java/JavaVirtualMachines/1.6.0.jdk/Contents/Home/lib/ext/apple_provider.jar
     [bootstrap] /System/Library/Java/JavaVirtualMachines/1.6.0.jdk/Contents/Classes/jsfd.jar
     [loader.1] file:/System/Library/Java/JavaVirtualMachines/1.6.0.jdk/Contents/Home/lib/ext/sunpkcs11.jar
     [classpath + loader.0] file:/Users/paul/.m2/repository/org/apache/lucene/lucene-core/3.5.0/lucene-core-3.5.0.jar
2012-12-21 16:53:43.088-0600: Library path:
    /Users/paul/Desktop/restore
    /Library/Java/Extensions
    /System/Library/Java/Extensions
    /usr/lib/java
2012-12-21 16:53:43.088-0600: System.properties:
    sun.boot.library.path = /System/Library/Java/JavaVirtualMachines/1.6.0.jdk/Contents/Libraries
    awt.nativeDoubleBuffering = true
    gopherProxySet = false
    mrj.build = 11M3909
    path.separator = :
    file.encoding.pkg = sun.io
    sun.java.launcher = SUN_STANDARD
    user.country = US
    sun.os.patch.level = unknown
    user.dir = /Users/paul/Desktop/restore
    sun.jnu.encoding = MacRoman
    sun.management.compiler = HotSpot 64-Bit Tiered Compilers
    http.nonProxyHosts = local|*.local|169.254/16|*.169.254/16
    user.home = /Users/paul
    user.timezone = America/Chicago
    file.encoding = MacRoman
    user.name = paul
    sun.java.command = com.hortonworks.parser.NumStatParser /Users/paul/Documents/Hortonworks/Projects/attribution/hadoop-common/common.numstat authors.txt
    sun.arch.data.model = 64
    user.language = en
    awt.toolkit = apple.awt.CToolkit
    file.separator = /
    sun.io.unicode.encoding = UnicodeLittle
    sun.cpu.endian = little
    mrj.version = 1070.1.6.0_37-434
    socksNonProxyHosts = local|*.local|169.254/16|*.169.254/16
    ftp.nonProxyHosts = local|*.local|169.254/16|*.169.254/16
    sun.cpu.isalist = 
2012-12-21 16:53:43.089-0600: Neo4j Kernel properties:
    store_dir=/Users/paul/Desktop/restore/data/graph.db
    logical_log=/Users/paul/Desktop/restore/data/graph.db/nioneo_logical.log
    node_auto_indexing=false
    neostore.relationshipstore.db.mapped_memory=100M
    neostore.nodestore.db.mapped_memory=20M
    use_memory_mapped_buffers=true
    rebuild_idgenerators_fast=true
    neostore.propertystore.db.index.keys.mapped_memory=1M
    neostore.propertystore.db.arrays.mapped_memory=130M
    neostore.propertystore.db.strings.mapped_memory=130M
    neo_store=/Users/paul/Desktop/restore/data/graph.db/neostore
    neostore.propertystore.db.index.mapped_memory=1M
    create=true
    neostore.propertystore.db.mapped_memory=90M
    relationship_auto_indexing=false
2012-12-21 16:53:43.090-0600: Store versions:
    NeoStore v0.A.0
    NodeStore v0.A.0
    RelationshipStore v0.A.0
    RelationshipTypeStore v0.A.0
    PropertyStore v0.A.0
    PropertyIndexStore v0.A.0
    StringPropertyStore v0.A.0
    ArrayPropertyStore v0.A.0
2012-12-21 16:53:43.090-0600: Id usage:
    NodeStore: used=1 high=0
    RelationshipStore: used=0 high=-1
    RelationshipTypeStore: used=0 high=-1
    PropertyStore: used=0 high=-1
    PropertyIndexStore: used=0 high=-1
    StringPropertyStore: used=1 high=0
    ArrayPropertyStore: used=1 high=0
2012-12-21 16:53:43.091-0600: Storage files:
    active_tx_log: 11.00 B
    index:
      lucene-store.db: 40.00 B
      lucene.log.1: 16.00 B
      lucene.log.active: 4.00 B
    - Total: 60.00 B
    lock: 0.00 B
    messages.log: 12.80 kB
    neostore: 54.00 B
    neostore.id: 9.00 B
    neostore.nodestore.db: 9.00 B
    neostore.nodestore.db.id: 9.00 B
    neostore.propertystore.db: 0.00 B
    neostore.propertystore.db.arrays: 128.00 B
    neostore.propertystore.db.arrays.id: 9.00 B
    neostore.propertystore.db.id: 9.00 B
    neostore.propertystore.db.index: 0.00 B
    neostore.propertystore.db.index.id: 9.00 B
    neostore.propertystore.db.index.keys: 38.00 B
    neostore.propertystore.db.index.keys.id: 9.00 B
    neostore.propertystore.db.strings: 128.00 B
    neostore.propertystore.db.strings.id: 9.00 B
    neostore.relationshipstore.db: 0.00 B
    neostore.relationshipstore.db.id: 9.00 B
    neostore.relationshiptypestore.db: 0.00 B
    neostore.relationshiptypestore.db.id: 9.00 B
    neostore.relationshiptypestore.db.names: 38.00 B
    neostore.relationshiptypestore.db.names.id: 9.00 B
    nioneo_logical.log.1: 16.00 B
    nioneo_logical.log.active: 4.00 B
    tm_tx_log.1: 0.00 B
2012-12-21 16:53:43.094-0600: --- STARTUP diagnostics END ---
2012-12-21 16:53:43.096-0600: Extension org.neo4j.kernel.KernelExtension[kernel udc] loaded ok
2012-12-21 16:53:43.141-0600: Extension org.neo4j.kernel.KernelExtension[kernel jmx] loaded ok
2012-12-21 22:53:58.603+0000: WARNING! Deprecated configuration options used. See manual for details
2012-12-21 22:53:58.603+0000: cannot configure writers and searchers individually since they go together
2012-12-21 22:53:58.604+0000: /Users/paul/Desktop/restore/data/graph.db/neostore.relationshiptypestore.db.names non clean shutdown detected
2012-12-21 22:53:58.604+0000: [/Users/paul/Desktop/restore/data/graph.db/neostore.relationshiptypestore.db.names] brickCount=0 brickSize=0b mappedMem=0b (storeSize=228b)
2012-12-21 22:53:58.604+0000: /Users/paul/Desktop/restore/data/graph.db/neostore.relationshiptypestore.db non clean shutdown detected
2012-12-21 22:53:58.604+0000: [/Users/paul/Desktop/restore/data/graph.db/neostore.relationshiptypestore.db] brickCount=0 brickSize=0b mappedMem=0b (storeSize=25b)
2012-12-21 22:53:58.606+0000: /Users/paul/Desktop/restore/data/graph.db/neostore.propertystore.db.strings non clean shutdown detected
2012-12-21 22:53:58.606+0000: [/Users/paul/Desktop/restore/data/graph.db/neostore.propertystore.db.strings] brickCount=0 brickSize=1507840b mappedMem=1507852288b (storeSize=953344b)
2012-12-21 22:53:58.606+0000: /Users/paul/Desktop/restore/data/graph.db/neostore.propertystore.db.index.keys non clean shutdown detected
2012-12-21 22:53:58.606+0000: [/Users/paul/Desktop/restore/data/graph.db/neostore.propertystore.db.index.keys] brickCount=1 brickSize=1026b mappedMem=1048576b (storeSize=1026b)
2012-12-21 22:53:58.606+0000: /Users/paul/Desktop/restore/data/graph.db/neostore.propertystore.db.index non clean shutdown detected
2012-12-21 22:53:58.606+0000: [/Users/paul/Desktop/restore/data/graph.db/neostore.propertystore.db.index] brickCount=10 brickSize=1044b mappedMem=1048576b (storeSize=10485b)
2012-12-21 22:53:58.607+0000: /Users/paul/Desktop/restore/data/graph.db/neostore.propertystore.db.arrays non clean shutdown detected
2012-12-21 22:53:58.607+0000: [/Users/paul/Desktop/restore/data/graph.db/neostore.propertystore.db.arrays] brickCount=0 brickSize=1709056b mappedMem=1709178880b (storeSize=136192b)
2012-12-21 22:53:58.608+0000: /Users/paul/Desktop/restore/data/graph.db/neostore.propertystore.db non clean shutdown detected
2012-12-21 22:53:58.608+0000: [/Users/paul/Desktop/restore/data/graph.db/neostore.propertystore.db] brickCount=0 brickSize=1774152b mappedMem=1774190592b (storeSize=943697b)
2012-12-21 22:53:58.608+0000: /Users/paul/Desktop/restore/data/graph.db/neostore.relationshipstore.db non clean shutdown detected
2012-12-21 22:53:58.608+0000: [/Users/paul/Desktop/restore/data/graph.db/neostore.relationshipstore.db] brickCount=0 brickSize=2173677b mappedMem=2173698048b (storeSize=1048575b)
2012-12-21 22:53:58.609+0000: /Users/paul/Desktop/restore/data/graph.db/neostore.nodestore.db non clean shutdown detected
2012-12-21 22:53:58.609+0000: [/Users/paul/Desktop/restore/data/graph.db/neostore.nodestore.db] brickCount=0 brickSize=491778b mappedMem=491782144b (storeSize=62910b)
2012-12-21 22:53:58.609+0000: /Users/paul/Desktop/restore/data/graph.db/neostore non clean shutdown detected
2012-12-21 22:53:58.609+0000: [/Users/paul/Desktop/restore/data/graph.db/neostore] brickCount=0 brickSize=0b mappedMem=0b (storeSize=54b)
2012-12-21 22:53:58.609+0000: Non clean shutdown detected on log [/Users/paul/Desktop/restore/data/graph.db/nioneo_logical.log.1]. Recovery started ...
2012-12-21 22:53:58.610+0000: [/Users/paul/Desktop/restore/data/graph.db/nioneo_logical.log.1] logVersion=0 with committed tx=1
2012-12-21 22:53:58.761+0000: [/Users/paul/Desktop/restore/data/graph.db/nioneo_logical.log.1] entries found=27458 lastEntryPos=2335084
2012-12-21 22:53:58.761+0000: Opened logical log [/Users/paul/Desktop/restore/data/graph.db/nioneo_logical.log.1] version=0, lastTxId=842 (recovered)
2012-12-21 22:53:58.761+0000: XaResourceManager[/Users/paul/Desktop/restore/data/graph.db/nioneo_logical.log] sorting 1 xids
2012-12-21 22:53:58.761+0000: XaResourceManager[/Users/paul/Desktop/restore/data/graph.db/nioneo_logical.log] checkRecoveryComplete 0 xids
2012-12-21 22:53:58.767+0000: /Users/paul/Desktop/restore/data/graph.db/neostore.relationshiptypestore.db.names rebuild id generator, highId=6 defragged count=0
2012-12-21 22:53:58.768+0000: /Users/paul/Desktop/restore/data/graph.db/neostore.propertystore.db.index.keys rebuild id generator, highId=18 defragged count=0
2012-12-21 22:53:58.770+0000: /Users/paul/Desktop/restore/data/graph.db/neostore.propertystore.db.index rebuild id generator, highId=17 defragged count=0
2012-12-21 22:53:58.780+0000: /Users/paul/Desktop/restore/data/graph.db/neostore.propertystore.db.strings rebuild id generator, highId=6428 defragged count=0
2012-12-21 22:53:58.806+0000: /Users/paul/Desktop/restore/data/graph.db/neostore.propertystore.db.arrays rebuild id generator, highId=34 defragged count=0
2012-12-21 22:53:58.875+0000: /Users/paul/Desktop/restore/data/graph.db/neostore.propertystore.db rebuild id generator, highId=11495 defragged count=0
2012-12-21 22:53:59.007+0000: /Users/paul/Desktop/restore/data/graph.db/neostore.relationshipstore.db rebuild id generator, highId=6312 defragged count=0
2012-12-21 22:53:59.067+0000: /Users/paul/Desktop/restore/data/graph.db/neostore.nodestore.db rebuild id generator, highId=5251 defragged count=0
2012-12-21 22:53:59.069+0000: /Users/paul/Desktop/restore/data/graph.db/neostore rebuild id generator, highId=6 defragged count=0
2012-12-21 22:53:59.069+0000: XaResourceManager[/Users/paul/Desktop/restore/data/graph.db/nioneo_logical.log] recovery completed.
2012-12-21 22:53:59.070+0000: Recovery on log [/Users/paul/Desktop/restore/data/graph.db/nioneo_logical.log.1] completed.
2012-12-21 22:53:59.070+0000: TM opening log: /Users/paul/Desktop/restore/data/graph.db/tm_tx_log.1
2012-12-21 22:53:59.071+0000: Non clean shutdown detected on log [/Users/paul/Desktop/restore/data/graph.db/index/lucene.log.1]. Recovery started ...
2012-12-21 22:53:59.071+0000: [/Users/paul/Desktop/restore/data/graph.db/index/lucene.log.1] logVersion=0 with committed tx=1
2012-12-21 22:54:04.233+0000: [/Users/paul/Desktop/restore/data/graph.db/index/lucene.log.1] entries found=10635 lastEntryPos=843870
2012-12-21 22:54:04.233+0000: Opened logical log [/Users/paul/Desktop/restore/data/graph.db/index/lucene.log.1] version=0, lastTxId=840 (recovered)
2012-12-21 22:54:04.233+0000: XaResourceManager[/Users/paul/Desktop/restore/data/graph.db/index/lucene.log] sorting 1 xids
2012-12-21 22:54:04.233+0000: XaResourceManager[/Users/paul/Desktop/restore/data/graph.db/index/lucene.log] checkRecoveryComplete 0 xids
2012-12-21 22:54:04.233+0000: XaResourceManager[/Users/paul/Desktop/restore/data/graph.db/index/lucene.log] recovery completed.
2012-12-21 22:54:04.233+0000: Recovery on log [/Users/paul/Desktop/restore/data/graph.db/index/lucene.log.1] completed.
2012-12-21 22:54:04.233+0000: --- STARTUP diagnostics START ---
2012-12-21 22:54:04.233+0000: Neo4j Kernel properties:
    forced_kernel_id=
    read_only=false
    neo4j.ext.udc.host=udc.neo4j.org
    logical_log=nioneo_logical.log
    node_auto_indexing=false
    intercept_committing_transactions=false
    remote_shell_name=shell
    cache_type=soft
    intercept_deserialized_transactions=false
    lucene_searcher_cache_size=2147483647
    neo4j.ext.udc.interval=86400000
    use_memory_mapped_buffers=true
    rebuild_idgenerators_fast=true
    neostore.propertystore.db.index.keys.mapped_memory=1M
    neostore.propertystore.db.strings.mapped_memory=1438M
    neostore.propertystore.db.arrays.mapped_memory=1630M
    gcr_cache_min_log_interval=60s
    relationship_grab_size=100
    relationship_auto_indexing=false
    remote_shell_read_only=false
    node_cache_array_fraction=1.0
    allow_store_upgrade=true
    execution_guard_enabled=false
    relationship_cache_array_fraction=1.0
    remote_logging_host=127.0.0.1
    store_dir=/Users/paul/Desktop/restore/data/graph.db
    online_backup_enabled=false
    remote_logging_port=4560
    gc_monitor_threshold=200ms
    array_block_size=120
    load_kernel_extensions=true
    neostore.relationshipstore.db.mapped_memory=2073M
    keep_logical_logs=true
    dump_configuration=false
    gc_monitor_wait_time=100ms
    neostore.nodestore.db.mapped_memory=469M
    neo4j.ext.udc.first_delay=600000
    remote_shell_enabled=false
    neo4j.ext.udc.reg=unreg
    remote_shell_port=1337
    neo_store=neostore
    logging.threshold_for_rotation=104857600
    neostore.propertystore.db.index.mapped_memory=1M
    backup_slave=false
    neostore.propertystore.db.mapped_memory=1692M
    string_block_size=120
    grab_file_lock=true
    remote_logging_enabled=false
    neo4j.ext.udc.enabled=true
    online_backup_port=6362
2012-12-21 22:54:04.234+0000: Diagnostics providers:
    org.neo4j.kernel.configuration.Config
    org.neo4j.kernel.info.DiagnosticsManager
    SYSTEM_MEMORY
    JAVA_MEMORY
    OPERATING_SYSTEM
    JAVA_VIRTUAL_MACHINE
    CLASSPATH
    LIBRARY_PATH
    SYSTEM_PROPERTIES
    NETWORK
2012-12-21 22:54:04.234+0000: System memory information:
    Total Physical memory: 16.00 GB
    Free Physical memory: 835.00 MB
    Committed virtual memory: 3.00 GB
    Total swap space: 5.00 GB
    Free swap space: 946.23 MB
2012-12-21 22:54:04.234+0000: JVM memory information:
    Free  memory: 51.15 MB
    Total memory: 81.06 MB
    Max   memory: 123.94 MB
    Garbage Collector: ParNew: [Par Eden Space, Par Survivor Space]
    Garbage Collector: ConcurrentMarkSweep: [Par Eden Space, Par Survivor Space, CMS Old Gen, CMS Perm Gen]
    Memory Pool: Code Cache (Non-heap memory): committed=7.69 MB, used=7.51 MB, max=48.00 MB, threshold=0.00 B
    Memory Pool: Par Eden Space (Heap memory): committed=16.63 MB, used=9.40 MB, max=16.63 MB, threshold=?
    Memory Pool: Par Survivor Space (Heap memory): committed=2.06 MB, used=1.61 MB, max=2.06 MB, threshold=?
    Memory Pool: CMS Old Gen (Heap memory): committed=62.38 MB, used=18.90 MB, max=105.25 MB, threshold=0.00 B
    Memory Pool: CMS Perm Gen (Non-heap memory): committed=82.00 MB, used=59.38 MB, max=82.00 MB, threshold=0.00 B
2012-12-21 22:54:04.235+0000: Operating system information:
    Operating System: Mac OS X; version: 10.8.2; arch: x86_64; cpus: 8
    Max number of file descriptors: 10240
    Number of open file descriptors: 172
    Process id: 47030@PCMBPR.local
    Byte order: LITTLE_ENDIAN
    Local timezone: America/Chicago
2012-12-21 22:54:04.235+0000: JVM information:
    VM Name: Java HotSpot(TM) 64-Bit Server VM
    VM Vendor: Apple Inc.
    VM Version: 20.12-b01-434
    JIT compiler: HotSpot 64-Bit Tiered Compilers
    VM Arguments: [-XstartOnFirstThread, -Dorg.eclipse.swt.internal.carbon.smallFonts]
2012-12-21 22:54:04.235+0000: Java classpath:
     [bootstrap] /System/Library/Java/JavaVirtualMachines/1.6.0.jdk/Contents/Classes/charsets.jar
     [bootstrap] /System/Library/Java/JavaVirtualMachines/1.6.0.jdk/Contents/Classes/sunrsasign.jar
     [bootstrap] /System/Library/Java/JavaVirtualMachines/1.6.0.jdk/Contents/Classes/ui.jar
     [bootstrap] /System/Library/Frameworks/JavaVM.framework/Versions/A/Frameworks/JavaRuntimeSupport.framework/Versions/A/Resources/Java/JavaRuntimeSupport.jar
     [bootstrap] /System/Library/Java/JavaVirtualMachines/1.6.0.jdk/Contents/Classes/classes.jar
     [bootstrap] /System/Library/Java/JavaVirtualMachines/1.6.0.jdk/Contents/Classes/jsfd.jar
     [classpath] /Users/paul/Applications/eclipse/plugins/org.eclipse.equinox.launcher_1.3.0.v20120522-1813.jar
     [bootstrap] /System/Library/Java/JavaVirtualMachines/1.6.0.jdk/Contents/Home/lib/jce.jar
     [bootstrap] /System/Library/Java/JavaVirtualMachines/1.6.0.jdk/Contents/Classes/jsse.jar
     [bootstrap] /System/Library/Java/JavaVirtualMachines/1.6.0.jdk/Contents/Classes/laf.jar
2012-12-21 22:54:04.236+0000: Library path:
    /Users/paul/Applications/eclipse/neoclipse.app/Contents/MacOS
    /Library/Java/Extensions
    /System/Library/Java/Extensions
    /usr/lib/java
2012-12-21 22:54:04.236+0000: System.properties:
    osgi.bundles.defaultStartLevel = 4
    org.osgi.supports.framework.extension = true
    sun.management.compiler = HotSpot 64-Bit Tiered Compilers
    eclipse.p2.profile = profile
    osgi.ws = cocoa
    osgi.instance.area = file:/Users/paul/Applications/eclipse/neoclipse-workspace/
    org.osgi.framework.uuid = 9089535b-a34b-0012-13cd-ce81c74eab4c
    user.name = paul
    osgi.framework.extensions = 
    org.osgi.framework.system.packages = javax.accessibility,javax.activation,javax.activity,javax.annotation,javax.annotation.processing,javax.crypto,javax.crypto.interfaces,javax.crypto.spec,javax.imageio,javax.imageio.event,javax.imageio.metadata,javax.imageio.plugins.bmp,javax.imageio.plugins.jpeg,javax.imageio.spi,javax.imageio.stream,javax.jws,javax.jws.soap,javax.lang.model,javax.lang.model.element,javax.lang.model.type,javax.lang.model.util,javax.management,javax.management.loading,javax.management.modelmbean,javax.management.monitor,javax.management.openmbean,javax.management.relation,javax.management.remote,javax.management.remote.rmi,javax.management.timer,javax.naming,javax.naming.directory,javax.naming.event,javax.naming.ldap,javax.naming.spi,javax.net,javax.net.ssl,javax.print,javax.print.attribute,javax.print.attribute.standard,javax.print.event,javax.rmi,javax.rmi.CORBA,javax.rmi.ssl,javax.script,javax.security.auth,javax.security.auth.callback,javax.security.auth.kerberos,javax.security.auth.login,javax.security.auth.spi,javax.security.auth.x500,javax.security.cert,javax.security.sasl,javax.sound.midi,javax.sound.midi.spi,javax.sound.sampled,javax.sound.sampled.spi,javax.sql,javax.sql.rowset,javax.sql.rowset.serial,javax.sql.rowset.spi,javax.swing,javax.swing.border,javax.swing.colorchooser,javax.swing.event,javax.swing.filechooser,javax.swing.plaf,javax.swing.plaf.basic,javax.swing.plaf.metal,javax.swing.plaf.multi,javax.swing.plaf.synth,javax.swing.table,javax.swing.text,javax.swing.text.html,javax.swing.text.html.parser,javax.swing.text.rtf,javax.swing.tree,javax.swing.undo,javax.tools,javax.transaction,javax.transaction.xa,javax.xml,javax.xml.bind,javax.xml.bind.annotation,javax.xml.bind.annotation.adapters,javax.xml.bind.attachment,javax.xml.bind.helpers,javax.xml.bind.util,javax.xml.crypto,javax.xml.crypto.dom,javax.xml.crypto.dsig,javax.xml.crypto.dsig.dom,javax.xml.crypto.dsig.keyinfo,javax.xml.crypto.dsig.spec,javax.xml.datatype,javax.xml.namespace,javax.xml.parsers,javax.xml.soap,javax.xml.stream,javax.xml.stream.events,javax.xml.stream.util,javax.xml.transform,javax.xml.transform.dom,javax.xml.transform.sax,javax.xml.transform.stax,javax.xml.transform.stream,javax.xml.validation,javax.xml.ws,javax.xml.ws.handler,javax.xml.ws.handler.soap,javax.xml.ws.http,javax.xml.ws.soap,javax.xml.ws.spi,javax.xml.ws.wsaddressing,javax.xml.xpath,org.ietf.jgss,org.omg.CORBA,org.omg.CORBA_2_3,org.omg.CORBA_2_3.portable,org.omg.CORBA.DynAnyPackage,org.omg.CORBA.ORBPackage,org.omg.CORBA.portable,org.omg.CORBA.TypeCodePackage,org.omg.CosNaming,org.omg.CosNaming.NamingContextExtPackage,org.omg.CosNaming.NamingContextPackage,org.omg.Dynamic,org.omg.DynamicAny,org.omg.DynamicAny.DynAnyFactoryPackage,org.omg.DynamicAny.DynAnyPackage,org.omg.IOP,org.omg.IOP.CodecFactoryPackage,org.omg.IOP.CodecPackage,org.omg.Messaging,org.omg.PortableInterceptor,org.omg.PortableInterceptor.ORBInitInfoPackage,org.omg.PortableServer,org.omg.PortableServer.CurrentPackage,org.omg.PortableServer.POAManagerPackage,org.omg.PortableServer.POAPackage,org.omg.PortableServer.portable,org.omg.PortableServer.ServantLocatorPackage,org.omg.SendingContext,org.omg.stub.java.rmi,org.w3c.dom,org.w3c.dom.bootstrap,org.w3c.dom.css,org.w3c.dom.events,org.w3c.dom.html,org.w3c.dom.ls,org.w3c.dom.ranges,org.w3c.dom.stylesheets,org.w3c.dom.traversal,org.w3c.dom.views,org.w3c.dom.xpath,org.xml.sax,org.xml.sax.ext,org.xml.sax.helpers
    awt.nativeDoubleBuffering = true
    eclipse.launcher = /Users/paul/Applications/eclipse/neoclipse.app/Contents/MacOS/neoclipse
    eclipse.launcher.name = Neoclipse
    org.osgi.framework.language = en
    user.language = en
    org.osgi.framework.processor = x86-64
    osgi.syspath = /Users/paul/Applications/eclipse/plugins
    sun.boot.library.path = /System/Library/Java/JavaVirtualMachines/1.6.0.jdk/Contents/Libraries
    org.osgi.framework.system.capabilities = osgi.ee; osgi.ee="OSGi/Minimum"; version:List<Version>="1.0, 1.1, 1.2",osgi.ee; osgi.ee="JRE"; version:List<Version>="1.0, 1.1",osgi.ee; osgi.ee="JavaSE"; version:List<Version>="1.0, 1.1, 1.2, 1.3, 1.4, 1.5, 1.6"
    osgi.manifest.cache = /Users/paul/Applications/eclipse/configuration/org.eclipse.osgi/manifests
    org.osgi.framework.os.name = MacOSX
    user.timezone = America/Chicago
    sun.arch.data.model = 64
    osgi.bundles = reference:file:com.ibm.icu_4.4.2.v20110823.jar@4,reference:file:com.springsource.javax.jms_1.1.0.jar@4,reference:file:javax.activation_1.1.0.v201108011116.jar@4,reference:file:javax.el_2.2.0.v201108011116.jar@4,reference:file:javax.mail_1.4.0.v201005080615.jar@4,reference:file:javax.servlet_3.0.0.v201112011016.jar@4,reference:file:javax.servlet.jsp_2.2.0.v201112011158.jar@4,reference:file:javax.xml_1.3.4.v201005080400.jar@4,reference:file:org.apache.ant_1.8.3.v20120321-1730/@4,reference:file:org.apache.commons.logging_1.1.1.v201005080502.jar@4,reference:file:org.apache.jasper.glassfish_2.2.2.v201205150955.jar@4,reference:file:org.apache.lucene_1.9.1.v201101211617.jar@4,reference:file:org.apache.lucene_2.9.1.v201101211721.jar@4,reference:file:org.apache.lucene.analysis_2.9.1.v201101211721.jar@4,reference:file:org.apache.lucene.core_2.9.1.v201101211721.jar@4,reference:file:org.apache.xerces_2.9.0.v201101211617.jar@4,reference:file:org.apache.xml.resolver_1.2.0.v201005080400.jar@4,reference:file:org.apache.xml.serializer_2.7.1.v201005080400.jar@4,reference:file:org.eclipse.ant.core_3.2.400.v20120523-1742.jar@4,reference:file:org.eclipse.compare_3.5.300.v20120522-1148.jar@4,reference:file:org.eclipse.compare.core_3.5.200.v20120522-1148.jar@4,reference:file:org.eclipse.core.commands_3.6.1.v20120521-2332.jar@4,reference:file:org.eclipse.core.contenttype_3.4.200.v20120523-2004.jar@4,reference:file:org.eclipse.core.databinding_1.4.1.v20120521-2332.jar@4,reference:file:org.eclipse.core.databinding.observable_1.4.1.v20120521-2332.jar@4,reference:file:org.eclipse.core.databinding.property_1.4.100.v20120523-1956.jar@4,reference:file:org.eclipse.core.expressions_3.4.400.v20120523-2004.jar@4,reference:file:org.eclipse.core.filebuffers_3.5.200.v20120523-1310.jar@4,reference:file:org.eclipse.core.filesystem_1.3.200.v20120522-2012.jar@4,reference:file:org.eclipse.core.filesystem.macosx_1.3.0.v20120522-1137.jar@4,reference:file:org.eclipse.core.jobs_3.5.200.v20120521-2346.jar@4,reference:file:org.eclipse.core.net_1.2.200.v20120522-1148.jar@4,reference:file:org.eclipse.core.resources_3.8.0.v20120522-2034.jar@4,reference:file:org.eclipse.core.runtime_3.8.0.v20120521-2346.jar@4:start,reference:file:org.eclipse.core.runtime.compatibility_3.2.200.v20120521-2346.jar@4,reference:file:org.eclipse.core.runtime.compatibility.auth_3.2.300.v20120523-2004.jar@4,reference:file:org.eclipse.core.runtime.compatibility.registry_3.5.100.v20120521-2346/@4,reference:file:org.eclipse.core.variables_3.2.600.v20120521-2012.jar@4,reference:file:org.eclipse.draw2d_3.8.0.201206112118.jar@4,reference:file:org.eclipse.emf.common_2.8.0.v20120606-0717.jar@4,reference:file:org.eclipse.emf.ecore_2.8.0.v20120606-0717.jar@4,reference:file:org.eclipse.emf.ecore.change_2.8.0.v20120606-0717.jar@4,reference:file:org.eclipse.emf.ecore.edit_2.8.0.v20120608-0554.jar@4,reference:file:org.eclipse.emf.ecore.xmi_2.8.0.v20120606-0717.jar@4,reference:file:org.eclipse.emf.edit_2.8.0.v20120608-0554.jar@4,reference:file:org.eclipse.equinox.app_1.3.100.v20120522-1841.jar@4,reference:file:org.eclipse.equinox.common_3.6.100.v20120522-1841.jar@2:start,reference:file:org.eclipse.equinox.http.jetty_3.0.0.v20120522-1841.jar@4,reference:file:org.eclipse.equinox.http.registry_1.1.200.v20120522-2049.jar@4,reference:file:org.eclipse.equinox.http.servlet_1.1.300.v20120522-1841.jar@4,reference:file:org.eclipse.equinox.jsp.jasper_1.0.400.v20120522-2049.jar@4,reference:file:org.eclipse.equinox.jsp.jasper.registry_1.0.300.v20120522-2049.jar@4,reference:file:org.eclipse.equinox.launcher_1.3.0.v20120522-1813.jar@4,reference:file:org.eclipse.equinox.launcher.cocoa.macosx.x86_64_1.1.200.v20120522-1813/@4,reference:file:org.eclipse.equinox.p2.core_2.2.0.v20120430-0525.jar@4,reference:file:org.eclipse.equinox.p2.engine_2.2.0.v20120501-1502.jar@4,reference:file:org.eclipse.equinox.p2.metadata_2.1.0.v20120430-2001.jar@4,reference:file:org.eclipse.equinox.p2.metadata.repository_1.2.100.v20120524-1717.jar@4,reference:file:org.eclipse.equinox.p2.repository_2.2.0.v20120524-1945.jar@4,reference:file:org.eclipse.equinox.preferences_3.5.0.v20120522-1841.jar@4,reference:file:org.eclipse.equinox.registry_3.5.200.v20120522-1841.jar@4,reference:file:org.eclipse.equinox.security_1.1.100.v20120522-1841.jar@4,reference:file:org.eclipse.equinox.security.macosx_1.100.200.v20120522-2049.jar@4,reference:file:org.eclipse.gef_3.8.0.201206112118.jar@4,reference:file:org.eclipse.help_3.6.0.v20120521-2344.jar@4,reference:file:org.eclipse.help.appserver_3.1.400.v20120521-2344.jar@4,reference:file:org.eclipse.help.base_3.6.100.v201206081200.jar@4,reference:file:org.eclipse.help.ui_3.5.200.v20120521-2344.jar@4,reference:file:org.eclipse.help.webapp_3.6.100.v20120521-2344.jar@4,reference:file:org.eclipse.jem.util_2.1.100.v201103021400.jar@4,reference:file:org.eclipse.jetty.continuation_8.1.3.v20120522.jar@4,reference:file:org.eclipse.jetty.http_8.1.3.v20120522.jar@4,reference:file:org.eclipse.jetty.io_8.1.3.v20120522.jar@4,reference:file:org.eclipse.jetty.security_8.1.3.v20120522.jar@4,reference:file:org.eclipse.jetty.server_8.1.3.v20120522.jar@4,reference:file:org.eclipse.jetty.servlet_8.1.3.v20120522.jar@4,reference:file:org.eclipse.jetty.util_8.1.3.v20120522.jar@4,reference:file:org.eclipse.jface_3.8.0.v20120521-2332.jar@4,reference:file:org.eclipse.jface.databinding_1.6.0.v20120521-2332.jar@4,reference:file:org.eclipse.jface.text_3.8.0.v20120531-0600.jar@4,reference:file:org.eclipse.ltk.core.refactoring_3.6.0.v20120523-1543.jar@4,reference:file:org.eclipse.ltk.ui.refactoring_3.7.0.v20120523-1543.jar@4,reference:file:org.eclipse.osgi.services_3.3.100.v20120522-1822.jar@4,reference:file:org.eclipse.osgi.util_3.2.300.v20120522-1822.jar@4,reference:file:org.eclipse.platform_3.8.0.v201206081200/@4,reference:file:org.eclipse.search_3.8.0.v20120523-1540.jar@4,reference:file:org.eclipse.swt_3.8.0.v3833.jar@4,reference:file:org.eclipse.swt.cocoa.macosx.x86_64_3.8.1.v3834e.jar@4,reference:file:org.eclipse.team.core_3.6.100.v20120524-0627.jar@4,reference:file:org.eclipse.team.ui_3.6.200.v20120522-1148.jar@4,reference:file:org.eclipse.text_3.5.200.v20120523-1310.jar@4,reference:file:org.eclipse.ui_3.8.0.v20120523-1546.jar@4,reference:file:org.eclipse.ui.cheatsheets_3.4.200.v20120521-2344.jar@4,reference:file:org.eclipse.ui.cocoa_1.1.1.v20120523-1956.jar@4,reference:file:org.eclipse.ui.console_3.5.100.v20120521-2012.jar@4,reference:file:org.eclipse.ui.editors_3.8.0.v20120523-1540.jar@4,reference:file:org.eclipse.ui.forms_3.5.200.v20120521-2332.jar@4,reference:file:org.eclipse.ui.ide_3.8.0.v20120521-2332.jar@4,reference:file:org.eclipse.ui.ide.application_1.0.400.v20120523-1956.jar@4,reference:file:org.eclipse.ui.intro_3.4.200.v20120521-2344.jar@4,reference:file:org.eclipse.ui.intro.universal_3.2.600.v20120521-2344/@4,reference:file:org.eclipse.ui.navigator_3.5.200.v20120523-1956.jar@4,reference:file:org.eclipse.ui.navigator.resources_3.4.400.v20120523-1956.jar@4,reference:file:org.eclipse.ui.views_3.6.100.v20120521-2332.jar@4,reference:file:org.eclipse.ui.views.properties.tabbed_3.5.300.v20120523-1956.jar@4,reference:file:org.eclipse.ui.workbench_3.8.0.v20120521-2332.jar@4,reference:file:org.eclipse.ui.workbench.texteditor_3.8.0.v20120523-1310.jar@4,reference:file:org.eclipse.update.configurator_3.3.200.v20120523-1742.jar@4,reference:file:org.eclipse.update.core_3.2.600.v20120530-120908.jar@4,reference:file:org.eclipse.update.ui_3.3.0.v20120523-1742.jar@4,reference:file:org.eclipse.wst.common.core_1.2.0.v200908252030.jar@4,reference:file:org.eclipse.wst.common.emf_1.2.100.v201101101900.jar@4,reference:file:org.eclipse.wst.common.emfworkbench.integration_1.2.101.v201107140600.jar@4,reference:file:org.eclipse.wst.common.environment_1.0.400.v200912181832.jar@4,reference:file:org.eclipse.wst.common.frameworks_1.2.200.v201203141800.jar@4,reference:file:org.eclipse.wst.common.project.facet.core_1.4.300.v201111030424.jar@4,reference:file:org.eclipse.wst.common.uriresolver_1.2.0.v201203071939.jar@4,reference:file:org.eclipse.wst.sse.core_1.1.700.v201205171812.jar@4,reference:file:org.eclipse.wst.validation_1.2.400.v201204260100.jar@4,reference:file:org.eclipse.wst.xml.core_1.1.700.v201204241737.jar@4,reference:file:org.eclipse.wst.xsd.core_1.1.700.v201204102147.jar@4,reference:file:org.eclipse.xsd_2.8.0.v20120608-0554.jar@4,reference:file:org.eclipse.zest.core_1.3.0.201206112118.jar@4,reference:file:org.eclipse.zest.layouts_1.1.0.201206112118.jar@4,reference:file:org.hamcrest.core_1.1.0.v20090501071000.jar@4,reference:file:org.junit_4.10.0.v4_10_0_v20120426-0900/@4,reference:file:org.junit4_4.8.1.v20120523-1257/@4,reference:file:org.neo4j.neoclipse_1.8.0.jar@4,reference:file:org.neo4j.neoclipse.doc_1.8.0.jar@4
    osgi.tracefile = /Users/paul/Applications/eclipse/neoclipse-workspace/.metadata/trace.log
    sun.cpu.isalist = 
    sun.jnu.encoding = MacRoman
    eclipse.application = org.neo4j.neoclipse.application
    file.encoding.pkg = sun.io
    org.osgi.framework.vendor = Eclipse
    file.separator = /
    user.country = US
    org.eclipse.equinox.launcher.splash.location = /Users/paul/Applications/eclipse/configuration/org.eclipse.equinox.launcher/org.neo4j.neoclipse_1.8.0/splash.bmp
    osgi.os = macosx
    eclipse.commands = -os
macosx
-ws
cocoa
-arch
x86_64
-showsplash
-launcher
/Users/paul/Applications/eclipse/neoclipse.app/Contents/MacOS/neoclipse
-name
Neoclipse
--launcher.library
/Users/paul/Applications/eclipse/neoclipse.app/Contents/MacOS//../../../plugins/org.eclipse.equinox.launcher.cocoa.macosx.x86_64_1.1.200.v20120522-1813/eclipse_1503.so
-startup
/Users/paul/Applications/eclipse/neoclipse.app/Contents/MacOS//../../../plugins/org.eclipse.equinox.launcher_1.3.0.v20120522-1813.jar
--launcher.overrideVmargs
-data
@noDefault
-keyring
/Users/paul/.eclipse_keyring
-showlocation
-vm
/System/Library/Frameworks/JavaVM.framework

    osgi.splashLocation = /Users/paul/Applications/eclipse/configuration/org.eclipse.equinox.launcher/org.neo4j.neoclipse_1.8.0/splash.bmp
    osgi.arch = x86_64
    path.separator = :
    org.osgi.supports.framework.fragment = true
    osgi.framework.shape = jar
    sun.io.unicode.encoding = UnicodeLittle
    org.osgi.framework.version = 1.7.0
    awt.toolkit = apple.awt.CToolkit
    osgi.install.area = file:/Users/paul/Applications/eclipse/
    osgi.framework = file:/Users/paul/Applications/eclipse/plugins/org.eclipse.osgi_3.8.0.v20120529-1548.jar
    user.home = /Users/paul
    osgi.bundlestore = /Users/paul/Applications/eclipse/configuration/org.eclipse.osgi/bundles
    osgi.splashPath = platform:/base/plugins/org.neo4j.neoclipse
    osgi.nl = en_US
    org.osgi.framework.os.version = 10.8.2
    eclipse.p2.data.area = @config.dir/../p2
    eclipse.startTime = 1356117575476
    gopherProxySet = false
    org.eclipse.update.reconcile = false
    eclipse.vm = /System/Library/Frameworks/JavaVM.framework
    sun.cpu.endian = little
    org.eclipse.swt.internal.carbon.smallFonts = 
    sun.os.patch.level = unknown
    gosh.args = --nointeractive
    eclipse.product = org.neo4j.neoclipse.neoclipseProduct
    eclipse.home.location = file:/Users/paul/Applications/eclipse/
    mrj.build = 11M3909
    mrj.version = 1070.1.6.0_37-434
    user.dir = /Users/paul/Applications/eclipse/neoclipse.app/Contents/MacOS
    org.osgi.supports.framework.requirebundle = true
    file.encoding = MacRoman
    osgi.framework.version = 3.8.0.v20120529-1548
    eclipse.vmargs = -XstartOnFirstThread
-Dorg.eclipse.swt.internal.carbon.smallFonts
-Djava.class.path=/Users/paul/Applications/eclipse/neoclipse.app/Contents/MacOS//../../../plugins/org.eclipse.equinox.launcher_1.3.0.v20120522-1813.jar

    org.osgi.framework.executionenvironment = OSGi/Minimum-1.0,OSGi/Minimum-1.1,OSGi/Minimum-1.2,JRE-1.1,J2SE-1.2,J2SE-1.3,J2SE-1.4,J2SE-1.5,JavaSE-1.6
    osgi.logfile = /Users/paul/Applications/eclipse/neoclipse-workspace/.metadata/.log
    osgi.configuration.area = file:/Users/paul/Applications/eclipse/configuration/
2012-12-21 22:54:04.236+0000: Network information:
    Interface vmnet8:
        address: 192.168.23.1
    Interface vmnet1:
        address: 172.16.204.1
    Interface en0:
        address: fe80:0:0:0:1610:9fff:fedb:70b7%4
        address: 172.20.10.4
    Interface lo0:
        address: 0:0:0:0:0:0:0:1
        address: fe80:0:0:0:0:0:0:1%1
        address: 127.0.0.1
2012-12-21 22:54:04.237+0000: --- STARTUP diagnostics END ---
2012-12-21 22:54:04.237+0000: TM non resolved transactions found in /Users/paul/Desktop/restore/data/graph.db/tm_tx_log.1
2012-12-21 22:54:04.249+0000: Rotating [/Users/paul/Desktop/restore/data/graph.db/index/lucene.log.1] @ version=0 to /Users/paul/Desktop/restore/data/graph.db/index/lucene.log.2 from position 843875
2012-12-21 22:54:04.250+0000: Rotate: old log scanned, newLog @ pos=16
2012-12-21 22:54:04.251+0000: Log rotated, newLog @ pos=16, version 1 and last tx 840
2012-12-21 22:54:04.252+0000: Rotating [/Users/paul/Desktop/restore/data/graph.db/nioneo_logical.log.1] @ version=0 to /Users/paul/Desktop/restore/data/graph.db/nioneo_logical.log.2 from position 2335089
2012-12-21 22:54:04.252+0000: Rotate: old log scanned, newLog @ pos=16
2012-12-21 22:54:04.253+0000: Log rotated, newLog @ pos=16, version 1 and last tx 842
2012-12-21 22:54:04.253+0000: Recovery completed, all transactions have been resolved to a consistent state.
2012-12-21 22:54:04.257+0000: Extension org.neo4j.kernel.KernelExtension[kernel jmx] loaded ok
2012-12-21 22:54:04.257+0000: Extension org.neo4j.kernel.KernelExtension[kernel udc] loaded ok
2012-12-21 22:54:04.257+0000: Extension org.neo4j.kernel.KernelExtension[shell] loaded ok
2012-12-21 22:54:04.258+0000: --- STARTUP diagnostics for KernelDiagnostics:Versions START ---
2012-12-21 22:54:04.258+0000: Graph Database: org.neo4j.kernel.EmbeddedGraphDatabase StoreId[time:1356130422925, id:7154422061628462455, store version: 13561656364791302]
2012-12-21 22:54:04.258+0000: Kernel version: Neo4j - Graph Database Kernel 1.8
2012-12-21 22:54:04.258+0000: Neo4j component versions:
2012-12-21 22:54:04.258+0000:   Neo4j - Graph Database Kernel 1.8
2012-12-21 22:54:04.258+0000: --- STARTUP diagnostics for KernelDiagnostics:Versions END ---
2012-12-21 22:54:04.258+0000: --- STARTUP diagnostics for NEO_STORE_VERSIONS START ---
2012-12-21 22:54:04.258+0000: Store versions:
    Store versions:
      NeoStore v0.A.0
      NodeStore v0.A.0
      RelationshipStore v0.A.0
      RelationshipTypeStore v0.A.0
      PropertyStore v0.A.0
      PropertyIndexStore v0.A.0
      StringPropertyStore v0.A.0
      ArrayPropertyStore v0.A.0
2012-12-21 22:54:04.258+0000: --- STARTUP diagnostics for NEO_STORE_VERSIONS END ---
2012-12-21 22:54:04.258+0000: --- STARTUP diagnostics for NEO_STORE_ID_USAGE START ---
2012-12-21 22:54:04.258+0000: Id usage:
    Id usage:
      NodeStore: used=5251 high=5250
      RelationshipStore: used=6312 high=6311
      RelationshipTypeStore: used=5 high=4
      PropertyStore: used=11495 high=11494
      PropertyIndexStore: used=17 high=16
      StringPropertyStore: used=6428 high=6427
      ArrayPropertyStore: used=34 high=33
2012-12-21 22:54:04.259+0000: --- STARTUP diagnostics for NEO_STORE_ID_USAGE END ---
2012-12-21 22:54:04.259+0000: --- STARTUP diagnostics for PERSISTENCE_WINDOW_POOL_STATS START ---
2012-12-21 22:54:04.259+0000: --- STARTUP diagnostics for PERSISTENCE_WINDOW_POOL_STATS END ---
2012-12-21 22:54:04.259+0000: --- STARTUP diagnostics for KernelDiagnostics:StoreFiles START ---
2012-12-21 22:54:04.259+0000: Disk space on partition (Total / Free / Free %): 499418034176 / 92361244672 / 81
Storage files: (filename : modification date - size)
      active_tx_log: 2012-12-21T16:53:53-0600 - 11.00 B
      index:
        lucene:
          node:
            __types__:
              _o6.fdt: 2012-12-21T16:54:04-0600 - 29.42 kB
              _o6.fdx: 2012-12-21T16:54:04-0600 - 6.14 kB
              _o6.fnm: 2012-12-21T16:54:04-0600 - 23.00 B
              _o6.frq: 2012-12-21T16:54:04-0600 - 2.44 kB
              _o6.nrm: 2012-12-21T16:54:04-0600 - 1.54 kB
              _o6.prx: 2012-12-21T16:54:04-0600 - 1.56 kB
              _o6.tii: 2012-12-21T16:54:04-0600 - 110.00 B
              _o6.tis: 2012-12-21T16:54:04-0600 - 5.47 kB
              _o7.cfs: 2012-12-21T16:54:04-0600 - 297.00 B
              _o8.fdt: 2012-12-21T16:54:04-0600 - 174.17 kB
              _o8.fdx: 2012-12-21T16:54:04-0600 - 34.88 kB
              _o8.fnm: 2012-12-21T16:54:04-0600 - 23.00 B
              _o8.frq: 2012-12-21T16:54:04-0600 - 13.96 kB
              _o8.nrm: 2012-12-21T16:54:04-0600 - 8.72 kB
              _o8.prx: 2012-12-21T16:54:04-0600 - 8.72 kB
              _o8.tii: 2012-12-21T16:54:04-0600 - 481.00 B
              _o8.tis: 2012-12-21T16:54:04-0600 - 31.09 kB
              segments.gen: 2012-12-21T16:54:04-0600 - 20.00 B
              segments_1: 2012-12-21T16:54:04-0600 - 676.00 B
              write.lock: 2012-12-21T16:53:59-0600 - 0.00 B
            - Total: 2012-12-21T16:54:04-0600 - 319.71 kB
            Committer:
              _23.fdt: 2012-12-21T16:54:04-0600 - 1.77 kB
              _23.fdx: 2012-12-21T16:54:04-0600 - 260.00 B
              _23.fnm: 2012-12-21T16:54:04-0600 - 36.00 B
              _23.frq: 2012-12-21T16:54:04-0600 - 131.00 B
              _23.nrm: 2012-12-21T16:54:04-0600 - 132.00 B
              _23.prx: 2012-12-21T16:54:04-0600 - 128.00 B
              _23.tii: 2012-12-21T16:54:04-0600 - 35.00 B
              _23.tis: 2012-12-21T16:54:04-0600 - 1.91 kB
              _23_1.del: 2012-12-21T16:54:04-0600 - 34.00 B
              _24.cfs: 2012-12-21T16:54:04-0600 - 434.00 B
              _25.cfs: 2012-12-21T16:54:04-0600 - 341.00 B
              _27.cfs: 2012-12-21T16:54:04-0600 - 351.00 B
              _28.cfs: 2012-12-21T16:54:04-0600 - 376.00 B
              _29.cfs: 2012-12-21T16:54:04-0600 - 354.00 B
              _2a.cfs: 2012-12-21T16:54:04-0600 - 526.00 B
              _2b.cfs: 2012-12-21T16:54:04-0600 - 341.00 B
              _2d.cfs: 2012-12-21T16:54:04-0600 - 345.00 B
              _2e.cfs: 2012-12-21T16:54:04-0600 - 350.00 B
              _2e.fdt: 2012-12-21T16:54:04-0600 - 59.00 B
              _2e.fdx: 2012-12-21T16:54:04-0600 - 12.00 B
              _2f.fdt: 2012-12-21T16:54:04-0600 - 1.88 kB
              _2f.fdx: 2012-12-21T16:54:04-0600 - 260.00 B
              _2f.fnm: 2012-12-21T16:54:04-0600 - 36.00 B
              _2f.frq: 2012-12-21T16:54:04-0600 - 128.00 B
              _2f.nrm: 2012-12-21T16:54:04-0600 - 132.00 B
              _2f.prx: 2012-12-21T16:54:04-0600 - 128.00 B
              _2f.tii: 2012-12-21T16:54:04-0600 - 35.00 B
              _2f.tis: 2012-12-21T16:54:04-0600 - 2.05 kB
              segments.gen: 2012-12-21T16:54:04-0600 - 20.00 B
              segments_1: 2012-12-21T16:54:04-0600 - 2.04 kB
              write.lock: 2012-12-21T16:53:59-0600 - 0.00 B
            - Total: 2012-12-21T16:54:04-0600 - 14.52 kB
            Jira:
              _n2.fdt: 2012-12-21T16:54:04-0600 - 15.15 kB
              _n2.fdx: 2012-12-21T16:54:04-0600 - 5.85 kB
              _n2.fnm: 2012-12-21T16:54:04-0600 - 20.00 B
              _n2.frq: 2012-12-21T16:54:04-0600 - 2.80 kB
              _n2.nrm: 2012-12-21T16:54:04-0600 - 1.46 kB
              _n2.prx: 2012-12-21T16:54:04-0600 - 1.46 kB
              _n2.tii: 2012-12-21T16:54:04-0600 - 192.00 B
              _n2.tis: 2012-12-21T16:54:04-0600 - 10.65 kB
              _n3.cfs: 2012-12-21T16:54:04-0600 - 262.00 B
              _n4.cfs: 2012-12-21T16:54:04-0600 - 262.00 B
              _n5.cfs: 2012-12-21T16:54:04-0600 - 262.00 B
              _n6.cfs: 2012-12-21T16:54:04-0600 - 262.00 B
              _n7.cfs: 2012-12-21T16:54:04-0600 - 262.00 B
              segments.gen: 2012-12-21T16:54:04-0600 - 20.00 B
              segments_1: 2012-12-21T16:54:04-0600 - 1.25 kB
              write.lock: 2012-12-21T16:53:59-0600 - 0.00 B
            - Total: 2012-12-21T16:54:04-0600 - 40.13 kB
          - Total: 2012-12-21T16:53:43-0600 - 374.36 kB
        - Total: 2012-12-21T16:53:43-0600 - 374.36 kB
        lucene-store.db: 2012-12-21T16:54:04-0600 - 40.00 B
        lucene.log.2: 2012-12-21T16:54:04-0600 - 16.00 B
        lucene.log.active: 2012-12-21T16:54:04-0600 - 4.00 B
        lucene.log.v0: 2012-12-21T16:54:04-0600 - 824.10 kB
      - Total: 2012-12-21T16:54:04-0600 - 1.17 MB
      index.db: 2012-12-21T16:53:43-0600 - 277.00 B
      lock: 2012-12-21T16:53:42-0600 - 0.00 B
      messages.log: 2012-12-21T16:54:04-0600 - 45.41 kB
      neostore: 2012-12-21T16:54:04-0600 - 54.00 B
      neostore.id: 2012-12-21T16:53:59-0600 - 9.00 B
      neostore.nodestore.db: 2012-12-21T16:53:58-0600 - 480.25 kB
      neostore.nodestore.db.id: 2012-12-21T16:53:59-0600 - 9.00 B
      neostore.propertystore.db: 2012-12-21T16:53:58-0600 - 1.69 MB
      neostore.propertystore.db.arrays: 2012-12-21T16:53:58-0600 - 1.63 MB
      neostore.propertystore.db.arrays.id: 2012-12-21T16:53:58-0600 - 9.00 B
      neostore.propertystore.db.id: 2012-12-21T16:53:58-0600 - 9.00 B
      neostore.propertystore.db.index: 2012-12-21T16:53:58-0600 - 10.24 kB
      neostore.propertystore.db.index.id: 2012-12-21T16:53:58-0600 - 9.00 B
      neostore.propertystore.db.index.keys: 2012-12-21T16:53:58-0600 - 1.00 kB
      neostore.propertystore.db.index.keys.id: 2012-12-21T16:53:58-0600 - 9.00 B
      neostore.propertystore.db.strings: 2012-12-21T16:53:58-0600 - 1.44 MB
      neostore.propertystore.db.strings.id: 2012-12-21T16:53:58-0600 - 9.00 B
      neostore.relationshipstore.db: 2012-12-21T16:53:58-0600 - 2.07 MB
      neostore.relationshipstore.db.id: 2012-12-21T16:53:59-0600 - 9.00 B
      neostore.relationshiptypestore.db: 2012-12-21T16:53:58-0600 - 25.00 B
      neostore.relationshiptypestore.db.id: 2012-12-21T16:53:58-0600 - 9.00 B
      neostore.relationshiptypestore.db.names: 2012-12-21T16:53:58-0600 - 228.00 B
      neostore.relationshiptypestore.db.names.id: 2012-12-21T16:53:58-0600 - 9.00 B
      nioneo_logical.log.2: 2012-12-21T16:54:04-0600 - 16.00 B
      nioneo_logical.log.active: 2012-12-21T16:54:04-0600 - 4.00 B
      nioneo_logical.log.v0: 2012-12-21T16:54:04-0600 - 2.23 MB
      tm_tx_log.1: 2012-12-21T16:54:04-0600 - 0.00 B
      tm_tx_log.2: 2012-12-21T16:53:53-0600 - 29.13 kB
